<?xml version="1.0" encoding="UTF-8"?>
<!-- Generated by org.testng.reporters.JUnitReportReporter -->
<testsuite hostname="Kalpesh" failures="0" tests="1" name="StepDefinition.TestRunner" time="6.018" errors="0" timestamp="2022-06-15T17:57:01 IST" skipped="0">
  <testcase classname="StepDefinition.TestRunner" name="runScenario" time="6.018"/>
  <system-out/>
</testsuite> <!-- StepDefinition.TestRunner -->
